<?xml version="1.0" encoding="UTF-8"?>
<testsuite name="com.mailSaviour30.ApplicationTests" tests="1" skipped="0" failures="0" errors="0" timestamp="2025-03-15T09:14:27" hostname="DESKTOP-VKF2EI6" time="0.779">
  <properties/>
  <testcase name="contextLoads()" classname="com.mailSaviour30.ApplicationTests" time="0.779"/>
  <system-out><![CDATA[14:44:15.156 [Test worker] INFO org.springframework.test.context.support.AnnotationConfigContextLoaderUtils -- Could not detect default configuration classes for test class [com.mailSaviour30.ApplicationTests]: ApplicationTests does not declare any static, non-private, non-final, nested classes annotated with @Configuration.
14:44:15.294 [Test worker] INFO org.springframework.boot.test.context.SpringBootTestContextBootstrapper -- Found @SpringBootConfiguration com.mailSaviour30.Application for test class com.mailSaviour30.ApplicationTests

  .   ____          _            __ _ _
 /\\ / ___'_ __ _ _(_)_ __  __ _ \ \ \ \
( ( )\___ | '_ | '_| | '_ \/ _` | \ \ \ \
 \\/  ___)| |_)| | | | | || (_| |  ) ) ) )
  '  |____| .__|_| |_|_| |_\__, | / / / /
 =========|_|==============|___/=/_/_/_/

 :: Spring Boot ::                (v3.4.1)

2025-03-15T14:44:15.827+05:30  INFO 16488 --- [demo] [    Test worker] com.mailSaviour30.ApplicationTests       : Starting ApplicationTests using Java 17.0.12 with PID 16488 (started by LHCP in D:\Mail SEnder\Github\BarajasSchmitt)
2025-03-15T14:44:15.829+05:30  INFO 16488 --- [demo] [    Test worker] com.mailSaviour30.ApplicationTests       : No active profile set, falling back to 1 default profile: "default"
2025-03-15T14:44:16.736+05:30  INFO 16488 --- [demo] [    Test worker] .s.d.r.c.RepositoryConfigurationDelegate : Bootstrapping Spring Data JPA repositories in DEFAULT mode.
2025-03-15T14:44:16.819+05:30  INFO 16488 --- [demo] [    Test worker] .s.d.r.c.RepositoryConfigurationDelegate : Finished Spring Data repository scanning in 82 ms. Found 5 JPA repository interfaces.
2025-03-15T14:44:17.462+05:30  INFO 16488 --- [demo] [    Test worker] o.hibernate.jpa.internal.util.LogHelper  : HHH000204: Processing PersistenceUnitInfo [name: default]
2025-03-15T14:44:17.543+05:30  INFO 16488 --- [demo] [    Test worker] org.hibernate.Version                    : HHH000412: Hibernate ORM core version 6.6.4.Final
2025-03-15T14:44:17.597+05:30  INFO 16488 --- [demo] [    Test worker] o.h.c.internal.RegionFactoryInitiator    : HHH000026: Second-level cache disabled
2025-03-15T14:44:17.965+05:30  INFO 16488 --- [demo] [    Test worker] o.s.o.j.p.SpringPersistenceUnitInfo      : No LoadTimeWeaver setup: ignoring JPA class transformer
2025-03-15T14:44:17.996+05:30  INFO 16488 --- [demo] [    Test worker] com.zaxxer.hikari.HikariDataSource       : HikariPool-1 - Starting...
2025-03-15T14:44:21.101+05:30  INFO 16488 --- [demo] [    Test worker] com.zaxxer.hikari.pool.HikariPool        : HikariPool-1 - Added connection org.postgresql.jdbc.PgConnection@18463720
2025-03-15T14:44:21.101+05:30  INFO 16488 --- [demo] [    Test worker] com.zaxxer.hikari.HikariDataSource       : HikariPool-1 - Start completed.
2025-03-15T14:44:21.475+05:30  WARN 16488 --- [demo] [    Test worker] org.hibernate.orm.deprecation            : HHH90000025: PostgreSQLDialect does not need to be specified explicitly using 'hibernate.dialect' (remove the property setting and it will be selected by default)
2025-03-15T14:44:22.126+05:30  INFO 16488 --- [demo] [    Test worker] org.hibernate.orm.connections.pooling    : HHH10001005: Database info:
	Database JDBC URL [Connecting through datasource 'HikariDataSource (HikariPool-1)']
	Database driver: undefined/unknown
	Database version: 16.3
	Autocommit mode: undefined/unknown
	Isolation level: undefined/unknown
	Minimum pool size: undefined/unknown
	Maximum pool size: undefined/unknown
2025-03-15T14:44:23.337+05:30  INFO 16488 --- [demo] [    Test worker] o.h.e.t.j.p.i.JtaPlatformInitiator       : HHH000489: No JTA platform available (set 'hibernate.transaction.jta.platform' to enable JTA platform integration)
2025-03-15T14:44:26.212+05:30  INFO 16488 --- [demo] [    Test worker] j.LocalContainerEntityManagerFactoryBean : Initialized JPA EntityManagerFactory for persistence unit 'default'
2025-03-15T14:44:26.720+05:30  WARN 16488 --- [demo] [    Test worker] JpaBaseConfiguration$JpaWebConfiguration : spring.jpa.open-in-view is enabled by default. Therefore, database queries may be performed during view rendering. Explicitly configure spring.jpa.open-in-view to disable this warning
2025-03-15T14:44:26.753+05:30  WARN 16488 --- [demo] [    Test worker] .s.s.UserDetailsServiceAutoConfiguration : 

Using generated security password: 978fdc73-45f8-4dd8-9112-03fa5b7fe8bd

This generated password is for development use only. Your security configuration must be updated before running your application in production.

2025-03-15T14:44:26.784+05:30  INFO 16488 --- [demo] [    Test worker] r$InitializeUserDetailsManagerConfigurer : Global AuthenticationManager configured with UserDetailsService bean with name inMemoryUserDetailsManager
2025-03-15T14:44:27.158+05:30 DEBUG 16488 --- [demo] [    Test worker] o.s.s.web.DefaultSecurityFilterChain     : Will secure Or [Mvc [pattern='/**']] with filters: DisableEncodeUrlFilter, WebAsyncManagerIntegrationFilter, SecurityContextHolderFilter, HeaderWriterFilter, LogoutFilter, RequestCacheAwareFilter, SecurityContextHolderAwareRequestFilter, ExceptionTranslationFilter, AuthorizationFilter
2025-03-15T14:44:27.812+05:30  INFO 16488 --- [demo] [    Test worker] com.mailSaviour30.ApplicationTests       : Started ApplicationTests in 12.328 seconds (process running for 13.769)
]]></system-out>
  <system-err><![CDATA[]]></system-err>
</testsuite>
